---------------------------------------------------------------
[ 2018-03-26T22:31:30+08:00 ] 127.0.0.1 OPTIONS /admin/Login/index
[ info ] adminapi.cn/admin/Login/index [运行时间：0.626162s][吞吐率：1.60req/s] [内存消耗：1,374.84kb] [文件加载：43]
[ info ] [ LANG ] G:\code\php\blog\ApiAdmin\thinkphp\lang\zh-cn.php
[ info ] [ ROUTE ] array (
  'type' => 'module',
  'module' => 
  array (
    0 => 'admin',
    1 => 'Miss',
    2 => 'index',
  ),
  'convert' => false,
)
[ info ] [ HEADER ] array (
  'accept-language' => 'zh-CN,zh;q=0.8',
  'accept-encoding' => 'gzip, deflate, sdch',
  'referer' => 'http://localhost:8080/',
  'accept' => '*/*',
  'access-control-request-headers' => 'apiauth, content-type',
  'user-agent' => 'Mozilla/5.0 (Windows NT 10.0; WOW64) AppleWebKit/537.36 (KHTML, like Gecko) Chrome/55.0.2883.87 Safari/537.36',
  'origin' => 'http://localhost:8080',
  'access-control-request-method' => 'POST',
  'connection' => 'close',
  'host' => 'adminapi.cn',
)
[ info ] [ PARAM ] array (
  'admin' => 'Login',
)
[ info ] [ RUN ] app\admin\controller\Miss->index[ G:\code\php\blog\ApiAdmin\application\admin\controller\Miss.php ]
[ info ] [ BEHAVIOR ] Run app\admin\behavior\BuildResponse @response_send [ RunTime:0.007503s ]
[ info ] [ LOG ] INIT File
---------------------------------------------------------------
[ 2018-03-26T22:31:30+08:00 ] 127.0.0.1 POST /admin/Login/index
[ info ] adminapi.cn/admin/Login/index [运行时间：0.394286s][吞吐率：2.54req/s] [内存消耗：2,610.04kb] [文件加载：58]
[ info ] [ LANG ] G:\code\php\blog\ApiAdmin\thinkphp\lang\zh-cn.php
[ info ] [ ROUTE ] array (
  'type' => 'module',
  'module' => 
  array (
    0 => 'admin',
    1 => 'Login',
    2 => 'index',
  ),
  'convert' => false,
)
[ info ] [ HEADER ] array (
  'accept-language' => 'zh-CN,zh;q=0.8',
  'accept-encoding' => 'gzip, deflate',
  'referer' => 'http://localhost:8080/',
  'content-type' => 'application/json;charset=UTF-8',
  'user-agent' => 'Mozilla/5.0 (Windows NT 10.0; WOW64) AppleWebKit/537.36 (KHTML, like Gecko) Chrome/55.0.2883.87 Safari/537.36',
  'origin' => 'http://localhost:8080',
  'accept' => 'application/json, text/plain, */*',
  'apiauth' => 'null',
  'content-length' => '37',
  'connection' => 'close',
  'host' => 'adminapi.cn',
)
[ info ] [ PARAM ] array (
  'username' => 'root',
  'password' => 'root',
)
[ info ] [ CACHE ] INIT File
[ info ] [ RUN ] app\admin\controller\Login->index[ G:\code\php\blog\ApiAdmin\application\admin\controller\Login.php ]
[ info ] [ DB ] INIT mysql
[ info ] [ BEHAVIOR ] Run app\admin\behavior\BuildResponse @response_send [ RunTime:0.000273s ]
[ info ] [ LOG ] INIT File
[ sql ] [ DB ] CONNECT:[ UseTime:0.014824s ] mysql:host=127.0.0.1;dbname=blog;charset=utf8
[ sql ] [ SQL ] SHOW COLUMNS FROM `admin_user` [ RunTime:0.065406s ]
[ sql ] [ SQL ] SELECT * FROM `admin_user` WHERE  `username` = 'root'  AND `password` = '63f7cd6ff14508ec5891e1f788a08284' LIMIT 1 [ RunTime:0.006083s ]
[ sql ] [ SQL ] SHOW COLUMNS FROM `admin_user_data` [ RunTime:0.030094s ]
[ sql ] [ SQL ] SELECT * FROM `admin_user_data` WHERE  `uid` = '1' LIMIT 1 [ RunTime:0.000539s ]
[ sql ] [ SQL ] UPDATE `admin_user_data`  SET `loginTimes`=21,`lastLoginTime`=1522074690  WHERE  `id` = 1 [ RunTime:0.003732s ]
[ sql ] [ SQL ] SHOW COLUMNS FROM `admin_menu` [ RunTime:0.029687s ]
[ sql ] [ SQL ] SELECT * FROM `admin_menu` WHERE  `hide` = 0 [ RunTime:0.000836s ]
---------------------------------------------------------------
[ 2018-03-26T22:31:37+08:00 ] 127.0.0.1 OPTIONS /admin/Log/index?page=1&size=10&type=&keywords=
[ info ] adminapi.cn/admin/Log/index?page=1&size=10&type=&keywords= [运行时间：0.046346s][吞吐率：21.58req/s] [内存消耗：1,375.34kb] [文件加载：43]
[ info ] [ LANG ] G:\code\php\blog\ApiAdmin\thinkphp\lang\zh-cn.php
[ info ] [ ROUTE ] array (
  'type' => 'module',
  'module' => 
  array (
    0 => 'admin',
    1 => 'Miss',
    2 => 'index',
  ),
  'convert' => false,
)
[ info ] [ HEADER ] array (
  'accept-language' => 'zh-CN,zh;q=0.8',
  'accept-encoding' => 'gzip, deflate, sdch',
  'referer' => 'http://localhost:8080/',
  'accept' => '*/*',
  'access-control-request-headers' => 'apiauth',
  'user-agent' => 'Mozilla/5.0 (Windows NT 10.0; WOW64) AppleWebKit/537.36 (KHTML, like Gecko) Chrome/55.0.2883.87 Safari/537.36',
  'origin' => 'http://localhost:8080',
  'access-control-request-method' => 'GET',
  'connection' => 'close',
  'host' => 'adminapi.cn',
)
[ info ] [ PARAM ] array (
  'page' => '1',
  'size' => '10',
  'type' => '',
  'keywords' => '',
  'admin' => 'Log',
)
[ info ] [ RUN ] app\admin\controller\Miss->index[ G:\code\php\blog\ApiAdmin\application\admin\controller\Miss.php ]
[ info ] [ BEHAVIOR ] Run app\admin\behavior\BuildResponse @response_send [ RunTime:0.000254s ]
[ info ] [ LOG ] INIT File
---------------------------------------------------------------
[ 2018-03-26T22:31:38+08:00 ] 127.0.0.1 GET /admin/Log/index?page=1&size=10&type=&keywords=
[ info ] adminapi.cn/admin/Log/index?page=1&size=10&type=&keywords= [运行时间：0.226108s][吞吐率：4.42req/s] [内存消耗：2,566.32kb] [文件加载：60]
[ info ] [ LANG ] G:\code\php\blog\ApiAdmin\thinkphp\lang\zh-cn.php
[ info ] [ CACHE ] INIT File
[ info ] [ BEHAVIOR ] Run \app\admin\behavior\ApiAuth @ [ RunTime:0.030673s ]
[ info ] [ BEHAVIOR ] Run \app\admin\behavior\ApiPermission @ [ RunTime:0.019038s ]
[ info ] [ DB ] INIT mysql
[ info ] [ BEHAVIOR ] Run \app\admin\behavior\AdminLog @ [ RunTime:0.110507s ]
[ info ] [ ROUTE ] array (
  'type' => 'module',
  'module' => 
  array (
    0 => 'admin',
    1 => 'Log',
    2 => 'index',
  ),
  'convert' => false,
)
[ info ] [ HEADER ] array (
  'accept-language' => 'zh-CN,zh;q=0.8',
  'accept-encoding' => 'gzip, deflate, sdch',
  'referer' => 'http://localhost:8080/',
  'user-agent' => 'Mozilla/5.0 (Windows NT 10.0; WOW64) AppleWebKit/537.36 (KHTML, like Gecko) Chrome/55.0.2883.87 Safari/537.36',
  'origin' => 'http://localhost:8080',
  'accept' => 'application/json, text/plain, */*',
  'apiauth' => 'b27587d31fe18b1f65cd165692e6a6fd',
  'connection' => 'close',
  'host' => 'adminapi.cn',
)
[ info ] [ PARAM ] array (
  'page' => '1',
  'size' => '10',
  'type' => '',
  'keywords' => '',
)
[ info ] [ RUN ] app\admin\controller\Log->index[ G:\code\php\blog\ApiAdmin\application\admin\controller\Log.php ]
[ info ] [ BEHAVIOR ] Run app\admin\behavior\BuildResponse @response_send [ RunTime:0.000226s ]
[ info ] [ LOG ] INIT File
[ sql ] [ DB ] CONNECT:[ UseTime:0.001998s ] mysql:host=127.0.0.1;dbname=blog;charset=utf8
[ sql ] [ SQL ] SHOW COLUMNS FROM `admin_menu` [ RunTime:0.032985s ]
[ sql ] [ SQL ] SELECT * FROM `admin_menu` WHERE  `url` = 'admin/Log/index' LIMIT 1 [ RunTime:0.000475s ]
[ sql ] [ SQL ] SHOW COLUMNS FROM `admin_user_action` [ RunTime:0.031343s ]
[ sql ] [ SQL ] INSERT INTO `admin_user_action` (`actionName` , `uid` , `nickname` , `addTime` , `url` , `data`) VALUES ('获取操作日志列表' , 1 , 'root' , 1522074698 , 'admin/Log/index' , '{\"page\":\"1\",\"size\":\"10\",\"type\":\"\",\"keywords\":\"\"}') [ RunTime:0.005842s ]
[ sql ] [ SQL ] SELECT * FROM `admin_user_action` ORDER BY `addTime`  DESC LIMIT 0,10 [ RunTime:0.001938s ]
[ sql ] [ SQL ] SELECT COUNT(*) AS tp_count FROM `admin_user_action` LIMIT 1 [ RunTime:0.002524s ]
---------------------------------------------------------------
[ 2018-03-26T22:47:50+08:00 ] 127.0.0.1 OPTIONS /admin/Log/index?page=1&size=10&type=&keywords=
[ info ] adminapi.cn/admin/Log/index?page=1&size=10&type=&keywords= [运行时间：0.038308s][吞吐率：26.10req/s] [内存消耗：1,375.90kb] [文件加载：43]
[ info ] [ LANG ] G:\code\php\blog\ApiAdmin\thinkphp\lang\zh-cn.php
[ info ] [ ROUTE ] array (
  'type' => 'module',
  'module' => 
  array (
    0 => 'admin',
    1 => 'Miss',
    2 => 'index',
  ),
  'convert' => false,
)
[ info ] [ HEADER ] array (
  'accept-language' => 'zh-CN,zh;q=0.8',
  'accept-encoding' => 'gzip, deflate, sdch',
  'referer' => 'http://localhost:8080/',
  'accept' => '*/*',
  'access-control-request-headers' => 'apiauth',
  'user-agent' => 'Mozilla/5.0 (Windows NT 10.0; WOW64) AppleWebKit/537.36 (KHTML, like Gecko) Chrome/55.0.2883.87 Safari/537.36',
  'origin' => 'http://localhost:8080',
  'access-control-request-method' => 'GET',
  'cache-control' => 'no-cache',
  'pragma' => 'no-cache',
  'connection' => 'close',
  'host' => 'adminapi.cn',
)
[ info ] [ PARAM ] array (
  'page' => '1',
  'size' => '10',
  'type' => '',
  'keywords' => '',
  'admin' => 'Log',
)
[ info ] [ RUN ] app\admin\controller\Miss->index[ G:\code\php\blog\ApiAdmin\application\admin\controller\Miss.php ]
[ info ] [ BEHAVIOR ] Run app\admin\behavior\BuildResponse @response_send [ RunTime:0.000332s ]
[ info ] [ LOG ] INIT File
---------------------------------------------------------------
[ 2018-03-26T22:47:51+08:00 ] 127.0.0.1 GET /admin/Log/index?page=1&size=10&type=&keywords=
[ info ] adminapi.cn/admin/Log/index?page=1&size=10&type=&keywords= [运行时间：0.184463s][吞吐率：5.42req/s] [内存消耗：2,566.85kb] [文件加载：60]
[ info ] [ LANG ] G:\code\php\blog\ApiAdmin\thinkphp\lang\zh-cn.php
[ info ] [ CACHE ] INIT File
[ info ] [ BEHAVIOR ] Run \app\admin\behavior\ApiAuth @ [ RunTime:0.005984s ]
[ info ] [ BEHAVIOR ] Run \app\admin\behavior\ApiPermission @ [ RunTime:0.003360s ]
[ info ] [ DB ] INIT mysql
[ info ] [ BEHAVIOR ] Run \app\admin\behavior\AdminLog @ [ RunTime:0.129359s ]
[ info ] [ ROUTE ] array (
  'type' => 'module',
  'module' => 
  array (
    0 => 'admin',
    1 => 'Log',
    2 => 'index',
  ),
  'convert' => false,
)
[ info ] [ HEADER ] array (
  'accept-language' => 'zh-CN,zh;q=0.8',
  'accept-encoding' => 'gzip, deflate, sdch',
  'referer' => 'http://localhost:8080/',
  'user-agent' => 'Mozilla/5.0 (Windows NT 10.0; WOW64) AppleWebKit/537.36 (KHTML, like Gecko) Chrome/55.0.2883.87 Safari/537.36',
  'origin' => 'http://localhost:8080',
  'accept' => 'application/json, text/plain, */*',
  'apiauth' => 'b27587d31fe18b1f65cd165692e6a6fd',
  'cache-control' => 'no-cache',
  'pragma' => 'no-cache',
  'connection' => 'close',
  'host' => 'adminapi.cn',
)
[ info ] [ PARAM ] array (
  'page' => '1',
  'size' => '10',
  'type' => '',
  'keywords' => '',
)
[ info ] [ RUN ] app\admin\controller\Log->index[ G:\code\php\blog\ApiAdmin\application\admin\controller\Log.php ]
[ info ] [ BEHAVIOR ] Run app\admin\behavior\BuildResponse @response_send [ RunTime:0.000426s ]
[ info ] [ LOG ] INIT File
[ sql ] [ DB ] CONNECT:[ UseTime:0.005533s ] mysql:host=127.0.0.1;dbname=blog;charset=utf8
[ sql ] [ SQL ] SHOW COLUMNS FROM `admin_menu` [ RunTime:0.051854s ]
[ sql ] [ SQL ] SELECT * FROM `admin_menu` WHERE  `url` = 'admin/Log/index' LIMIT 1 [ RunTime:0.000746s ]
[ sql ] [ SQL ] SHOW COLUMNS FROM `admin_user_action` [ RunTime:0.051038s ]
[ sql ] [ SQL ] INSERT INTO `admin_user_action` (`actionName` , `uid` , `nickname` , `addTime` , `url` , `data`) VALUES ('获取操作日志列表' , 1 , 'root' , 1522075671 , 'admin/Log/index' , '{\"page\":\"1\",\"size\":\"10\",\"type\":\"\",\"keywords\":\"\"}') [ RunTime:0.002062s ]
[ sql ] [ SQL ] SELECT * FROM `admin_user_action` ORDER BY `addTime`  DESC LIMIT 0,10 [ RunTime:0.000938s ]
[ sql ] [ SQL ] SELECT COUNT(*) AS tp_count FROM `admin_user_action` LIMIT 1 [ RunTime:0.000669s ]
---------------------------------------------------------------
[ 2018-03-26T22:52:16+08:00 ] 127.0.0.1 OPTIONS /admin/Log/index?page=1&size=10&type=&keywords=
[ info ] adminapi.cn/admin/Log/index?page=1&size=10&type=&keywords= [运行时间：0.025404s][吞吐率：39.36req/s] [内存消耗：1,375.84kb] [文件加载：43]
[ info ] [ LANG ] G:\code\php\blog\ApiAdmin\thinkphp\lang\zh-cn.php
[ info ] [ ROUTE ] array (
  'type' => 'module',
  'module' => 
  array (
    0 => 'admin',
    1 => 'Miss',
    2 => 'index',
  ),
  'convert' => false,
)
[ info ] [ HEADER ] array (
  'accept-language' => 'zh-CN,zh;q=0.8',
  'accept-encoding' => 'gzip, deflate, sdch',
  'referer' => 'http://localhost:8080/',
  'accept' => '*/*',
  'access-control-request-headers' => 'apiauth',
  'user-agent' => 'Mozilla/5.0 (Windows NT 10.0; WOW64) AppleWebKit/537.36 (KHTML, like Gecko) Chrome/55.0.2883.87 Safari/537.36',
  'origin' => 'http://localhost:8080',
  'access-control-request-method' => 'GET',
  'cache-control' => 'no-cache',
  'pragma' => 'no-cache',
  'connection' => 'close',
  'host' => 'adminapi.cn',
)
[ info ] [ PARAM ] array (
  'page' => '1',
  'size' => '10',
  'type' => '',
  'keywords' => '',
  'admin' => 'Log',
)
[ info ] [ RUN ] app\admin\controller\Miss->index[ G:\code\php\blog\ApiAdmin\application\admin\controller\Miss.php ]
[ info ] [ BEHAVIOR ] Run app\admin\behavior\BuildResponse @response_send [ RunTime:0.000323s ]
[ info ] [ LOG ] INIT File
---------------------------------------------------------------
[ 2018-03-26T22:52:16+08:00 ] 127.0.0.1 GET /admin/Log/index?page=1&size=10&type=&keywords=
[ info ] adminapi.cn/admin/Log/index?page=1&size=10&type=&keywords= [运行时间：0.180750s][吞吐率：5.53req/s] [内存消耗：2,566.85kb] [文件加载：60]
[ info ] [ LANG ] G:\code\php\blog\ApiAdmin\thinkphp\lang\zh-cn.php
[ info ] [ CACHE ] INIT File
[ info ] [ BEHAVIOR ] Run \app\admin\behavior\ApiAuth @ [ RunTime:0.002245s ]
[ info ] [ BEHAVIOR ] Run \app\admin\behavior\ApiPermission @ [ RunTime:0.000905s ]
[ info ] [ DB ] INIT mysql
[ info ] [ BEHAVIOR ] Run \app\admin\behavior\AdminLog @ [ RunTime:0.121475s ]
[ info ] [ ROUTE ] array (
  'type' => 'module',
  'module' => 
  array (
    0 => 'admin',
    1 => 'Log',
    2 => 'index',
  ),
  'convert' => false,
)
[ info ] [ HEADER ] array (
  'accept-language' => 'zh-CN,zh;q=0.8',
  'accept-encoding' => 'gzip, deflate, sdch',
  'referer' => 'http://localhost:8080/',
  'user-agent' => 'Mozilla/5.0 (Windows NT 10.0; WOW64) AppleWebKit/537.36 (KHTML, like Gecko) Chrome/55.0.2883.87 Safari/537.36',
  'origin' => 'http://localhost:8080',
  'accept' => 'application/json, text/plain, */*',
  'apiauth' => 'b27587d31fe18b1f65cd165692e6a6fd',
  'cache-control' => 'no-cache',
  'pragma' => 'no-cache',
  'connection' => 'close',
  'host' => 'adminapi.cn',
)
[ info ] [ PARAM ] array (
  'page' => '1',
  'size' => '10',
  'type' => '',
  'keywords' => '',
)
[ info ] [ RUN ] app\admin\controller\Log->index[ G:\code\php\blog\ApiAdmin\application\admin\controller\Log.php ]
[ info ] [ BEHAVIOR ] Run app\admin\behavior\BuildResponse @response_send [ RunTime:0.000525s ]
[ info ] [ LOG ] INIT File
[ sql ] [ DB ] CONNECT:[ UseTime:0.001672s ] mysql:host=127.0.0.1;dbname=blog;charset=utf8
[ sql ] [ SQL ] SHOW COLUMNS FROM `admin_menu` [ RunTime:0.036177s ]
[ sql ] [ SQL ] SELECT * FROM `admin_menu` WHERE  `url` = 'admin/Log/index' LIMIT 1 [ RunTime:0.001800s ]
[ sql ] [ SQL ] SHOW COLUMNS FROM `admin_user_action` [ RunTime:0.055981s ]
[ sql ] [ SQL ] INSERT INTO `admin_user_action` (`actionName` , `uid` , `nickname` , `addTime` , `url` , `data`) VALUES ('获取操作日志列表' , 1 , 'root' , 1522075936 , 'admin/Log/index' , '{\"page\":\"1\",\"size\":\"10\",\"type\":\"\",\"keywords\":\"\"}') [ RunTime:0.003170s ]
[ sql ] [ SQL ] SELECT * FROM `admin_user_action` ORDER BY `addTime`  DESC LIMIT 0,10 [ RunTime:0.000865s ]
[ sql ] [ SQL ] SELECT COUNT(*) AS tp_count FROM `admin_user_action` LIMIT 1 [ RunTime:0.001573s ]
---------------------------------------------------------------
[ 2018-03-26T22:53:21+08:00 ] 127.0.0.1 OPTIONS /admin/Log/index?page=1&size=10&type=&keywords=
[ info ] adminapi.cn/admin/Log/index?page=1&size=10&type=&keywords= [运行时间：0.023581s][吞吐率：42.41req/s] [内存消耗：1,375.84kb] [文件加载：43]
[ info ] [ LANG ] G:\code\php\blog\ApiAdmin\thinkphp\lang\zh-cn.php
[ info ] [ ROUTE ] array (
  'type' => 'module',
  'module' => 
  array (
    0 => 'admin',
    1 => 'Miss',
    2 => 'index',
  ),
  'convert' => false,
)
[ info ] [ HEADER ] array (
  'accept-language' => 'zh-CN,zh;q=0.8',
  'accept-encoding' => 'gzip, deflate, sdch',
  'referer' => 'http://localhost:8080/',
  'accept' => '*/*',
  'access-control-request-headers' => 'apiauth',
  'user-agent' => 'Mozilla/5.0 (Windows NT 10.0; WOW64) AppleWebKit/537.36 (KHTML, like Gecko) Chrome/55.0.2883.87 Safari/537.36',
  'origin' => 'http://localhost:8080',
  'access-control-request-method' => 'GET',
  'cache-control' => 'no-cache',
  'pragma' => 'no-cache',
  'connection' => 'close',
  'host' => 'adminapi.cn',
)
[ info ] [ PARAM ] array (
  'page' => '1',
  'size' => '10',
  'type' => '',
  'keywords' => '',
  'admin' => 'Log',
)
[ info ] [ RUN ] app\admin\controller\Miss->index[ G:\code\php\blog\ApiAdmin\application\admin\controller\Miss.php ]
[ info ] [ BEHAVIOR ] Run app\admin\behavior\BuildResponse @response_send [ RunTime:0.000313s ]
[ info ] [ LOG ] INIT File
---------------------------------------------------------------
[ 2018-03-26T22:53:21+08:00 ] 127.0.0.1 GET /admin/Log/index?page=1&size=10&type=&keywords=
[ info ] adminapi.cn/admin/Log/index?page=1&size=10&type=&keywords= [运行时间：0.140522s][吞吐率：7.12req/s] [内存消耗：2,566.85kb] [文件加载：60]
[ info ] [ LANG ] G:\code\php\blog\ApiAdmin\thinkphp\lang\zh-cn.php
[ info ] [ CACHE ] INIT File
[ info ] [ BEHAVIOR ] Run \app\admin\behavior\ApiAuth @ [ RunTime:0.002926s ]
[ info ] [ BEHAVIOR ] Run \app\admin\behavior\ApiPermission @ [ RunTime:0.000773s ]
[ info ] [ DB ] INIT mysql
[ info ] [ BEHAVIOR ] Run \app\admin\behavior\AdminLog @ [ RunTime:0.090087s ]
[ info ] [ ROUTE ] array (
  'type' => 'module',
  'module' => 
  array (
    0 => 'admin',
    1 => 'Log',
    2 => 'index',
  ),
  'convert' => false,
)
[ info ] [ HEADER ] array (
  'accept-language' => 'zh-CN,zh;q=0.8',
  'accept-encoding' => 'gzip, deflate, sdch',
  'referer' => 'http://localhost:8080/',
  'user-agent' => 'Mozilla/5.0 (Windows NT 10.0; WOW64) AppleWebKit/537.36 (KHTML, like Gecko) Chrome/55.0.2883.87 Safari/537.36',
  'origin' => 'http://localhost:8080',
  'accept' => 'application/json, text/plain, */*',
  'apiauth' => 'b27587d31fe18b1f65cd165692e6a6fd',
  'cache-control' => 'no-cache',
  'pragma' => 'no-cache',
  'connection' => 'close',
  'host' => 'adminapi.cn',
)
[ info ] [ PARAM ] array (
  'page' => '1',
  'size' => '10',
  'type' => '',
  'keywords' => '',
)
[ info ] [ RUN ] app\admin\controller\Log->index[ G:\code\php\blog\ApiAdmin\application\admin\controller\Log.php ]
[ info ] [ BEHAVIOR ] Run app\admin\behavior\BuildResponse @response_send [ RunTime:0.000722s ]
[ info ] [ LOG ] INIT File
[ sql ] [ DB ] CONNECT:[ UseTime:0.001556s ] mysql:host=127.0.0.1;dbname=blog;charset=utf8
[ sql ] [ SQL ] SHOW COLUMNS FROM `admin_menu` [ RunTime:0.039513s ]
[ sql ] [ SQL ] SELECT * FROM `admin_menu` WHERE  `url` = 'admin/Log/index' LIMIT 1 [ RunTime:0.000598s ]
[ sql ] [ SQL ] SHOW COLUMNS FROM `admin_user_action` [ RunTime:0.034552s ]
[ sql ] [ SQL ] INSERT INTO `admin_user_action` (`actionName` , `uid` , `nickname` , `addTime` , `url` , `data`) VALUES ('获取操作日志列表' , 1 , 'root' , 1522076001 , 'admin/Log/index' , '{\"page\":\"1\",\"size\":\"10\",\"type\":\"\",\"keywords\":\"\"}') [ RunTime:0.002036s ]
[ sql ] [ SQL ] SELECT * FROM `admin_user_action` ORDER BY `addTime`  DESC LIMIT 0,10 [ RunTime:0.001017s ]
[ sql ] [ SQL ] SELECT COUNT(*) AS tp_count FROM `admin_user_action` LIMIT 1 [ RunTime:0.000744s ]
---------------------------------------------------------------
[ 2018-03-26T22:54:54+08:00 ] 127.0.0.1 OPTIONS /admin/Login/index
[ info ] adminapi.cn/admin/Login/index [运行时间：0.038276s][吞吐率：26.13req/s] [内存消耗：1,374.88kb] [文件加载：43]
[ info ] [ LANG ] G:\code\php\blog\ApiAdmin\thinkphp\lang\zh-cn.php
[ info ] [ ROUTE ] array (
  'type' => 'module',
  'module' => 
  array (
    0 => 'admin',
    1 => 'Miss',
    2 => 'index',
  ),
  'convert' => false,
)
[ info ] [ HEADER ] array (
  'accept-language' => 'zh-CN,zh;q=0.8',
  'accept-encoding' => 'gzip, deflate, sdch',
  'referer' => 'http://localhost:8080/',
  'accept' => '*/*',
  'access-control-request-headers' => 'apiauth, content-type',
  'user-agent' => 'Mozilla/5.0 (Windows NT 10.0; WOW64) AppleWebKit/537.36 (KHTML, like Gecko) Chrome/55.0.2883.87 Safari/537.36',
  'origin' => 'http://localhost:8080',
  'access-control-request-method' => 'POST',
  'connection' => 'close',
  'host' => 'adminapi.cn',
)
[ info ] [ PARAM ] array (
  'admin' => 'Login',
)
[ info ] [ RUN ] app\admin\controller\Miss->index[ G:\code\php\blog\ApiAdmin\application\admin\controller\Miss.php ]
[ info ] [ BEHAVIOR ] Run app\admin\behavior\BuildResponse @response_send [ RunTime:0.000415s ]
[ info ] [ LOG ] INIT File
---------------------------------------------------------------
[ 2018-03-26T22:54:54+08:00 ] 127.0.0.1 POST /admin/Login/index
[ info ] adminapi.cn/admin/Login/index [运行时间：0.220268s][吞吐率：4.54req/s] [内存消耗：2,610.04kb] [文件加载：58]
[ info ] [ LANG ] G:\code\php\blog\ApiAdmin\thinkphp\lang\zh-cn.php
[ info ] [ ROUTE ] array (
  'type' => 'module',
  'module' => 
  array (
    0 => 'admin',
    1 => 'Login',
    2 => 'index',
  ),
  'convert' => false,
)
[ info ] [ HEADER ] array (
  'accept-language' => 'zh-CN,zh;q=0.8',
  'accept-encoding' => 'gzip, deflate',
  'referer' => 'http://localhost:8080/',
  'content-type' => 'application/json;charset=UTF-8',
  'user-agent' => 'Mozilla/5.0 (Windows NT 10.0; WOW64) AppleWebKit/537.36 (KHTML, like Gecko) Chrome/55.0.2883.87 Safari/537.36',
  'origin' => 'http://localhost:8080',
  'accept' => 'application/json, text/plain, */*',
  'apiauth' => 'null',
  'content-length' => '37',
  'connection' => 'close',
  'host' => 'adminapi.cn',
)
[ info ] [ PARAM ] array (
  'username' => 'root',
  'password' => 'root',
)
[ info ] [ CACHE ] INIT File
[ info ] [ RUN ] app\admin\controller\Login->index[ G:\code\php\blog\ApiAdmin\application\admin\controller\Login.php ]
[ info ] [ DB ] INIT mysql
[ info ] [ BEHAVIOR ] Run app\admin\behavior\BuildResponse @response_send [ RunTime:0.000204s ]
[ info ] [ LOG ] INIT File
[ sql ] [ DB ] CONNECT:[ UseTime:0.001608s ] mysql:host=127.0.0.1;dbname=blog;charset=utf8
[ sql ] [ SQL ] SHOW COLUMNS FROM `admin_user` [ RunTime:0.060073s ]
[ sql ] [ SQL ] SELECT * FROM `admin_user` WHERE  `username` = 'root'  AND `password` = '63f7cd6ff14508ec5891e1f788a08284' LIMIT 1 [ RunTime:0.001288s ]
[ sql ] [ SQL ] SHOW COLUMNS FROM `admin_user_data` [ RunTime:0.029688s ]
[ sql ] [ SQL ] SELECT * FROM `admin_user_data` WHERE  `uid` = '1' LIMIT 1 [ RunTime:0.000421s ]
[ sql ] [ SQL ] UPDATE `admin_user_data`  SET `loginTimes`=22,`lastLoginTime`=1522076094  WHERE  `id` = 1 [ RunTime:0.013949s ]
[ sql ] [ SQL ] SHOW COLUMNS FROM `admin_menu` [ RunTime:0.019454s ]
[ sql ] [ SQL ] SELECT * FROM `admin_menu` WHERE  `hide` = 0 [ RunTime:0.000710s ]
---------------------------------------------------------------
[ 2018-03-26T22:54:58+08:00 ] 127.0.0.1 OPTIONS /admin/Log/index?page=1&size=10&type=&keywords=
[ info ] adminapi.cn/admin/Log/index?page=1&size=10&type=&keywords= [运行时间：0.046640s][吞吐率：21.44req/s] [内存消耗：1,375.34kb] [文件加载：43]
[ info ] [ LANG ] G:\code\php\blog\ApiAdmin\thinkphp\lang\zh-cn.php
[ info ] [ ROUTE ] array (
  'type' => 'module',
  'module' => 
  array (
    0 => 'admin',
    1 => 'Miss',
    2 => 'index',
  ),
  'convert' => false,
)
[ info ] [ HEADER ] array (
  'accept-language' => 'zh-CN,zh;q=0.8',
  'accept-encoding' => 'gzip, deflate, sdch',
  'referer' => 'http://localhost:8080/',
  'accept' => '*/*',
  'access-control-request-headers' => 'apiauth',
  'user-agent' => 'Mozilla/5.0 (Windows NT 10.0; WOW64) AppleWebKit/537.36 (KHTML, like Gecko) Chrome/55.0.2883.87 Safari/537.36',
  'origin' => 'http://localhost:8080',
  'access-control-request-method' => 'GET',
  'connection' => 'close',
  'host' => 'adminapi.cn',
)
[ info ] [ PARAM ] array (
  'page' => '1',
  'size' => '10',
  'type' => '',
  'keywords' => '',
  'admin' => 'Log',
)
[ info ] [ RUN ] app\admin\controller\Miss->index[ G:\code\php\blog\ApiAdmin\application\admin\controller\Miss.php ]
[ info ] [ BEHAVIOR ] Run app\admin\behavior\BuildResponse @response_send [ RunTime:0.000406s ]
[ info ] [ LOG ] INIT File
---------------------------------------------------------------
[ 2018-03-26T22:54:58+08:00 ] 127.0.0.1 GET /admin/Log/index?page=1&size=10&type=&keywords=
[ info ] adminapi.cn/admin/Log/index?page=1&size=10&type=&keywords= [运行时间：0.160992s][吞吐率：6.21req/s] [内存消耗：2,566.32kb] [文件加载：60]
[ info ] [ LANG ] G:\code\php\blog\ApiAdmin\thinkphp\lang\zh-cn.php
[ info ] [ CACHE ] INIT File
[ info ] [ BEHAVIOR ] Run \app\admin\behavior\ApiAuth @ [ RunTime:0.003777s ]
[ info ] [ BEHAVIOR ] Run \app\admin\behavior\ApiPermission @ [ RunTime:0.001768s ]
[ info ] [ DB ] INIT mysql
[ info ] [ BEHAVIOR ] Run \app\admin\behavior\AdminLog @ [ RunTime:0.105031s ]
[ info ] [ ROUTE ] array (
  'type' => 'module',
  'module' => 
  array (
    0 => 'admin',
    1 => 'Log',
    2 => 'index',
  ),
  'convert' => false,
)
[ info ] [ HEADER ] array (
  'accept-language' => 'zh-CN,zh;q=0.8',
  'accept-encoding' => 'gzip, deflate, sdch',
  'referer' => 'http://localhost:8080/',
  'user-agent' => 'Mozilla/5.0 (Windows NT 10.0; WOW64) AppleWebKit/537.36 (KHTML, like Gecko) Chrome/55.0.2883.87 Safari/537.36',
  'origin' => 'http://localhost:8080',
  'accept' => 'application/json, text/plain, */*',
  'apiauth' => 'd8cc01e7dec08b3e1d51503d4b456197',
  'connection' => 'close',
  'host' => 'adminapi.cn',
)
[ info ] [ PARAM ] array (
  'page' => '1',
  'size' => '10',
  'type' => '',
  'keywords' => '',
)
[ info ] [ RUN ] app\admin\controller\Log->index[ G:\code\php\blog\ApiAdmin\application\admin\controller\Log.php ]
[ info ] [ BEHAVIOR ] Run app\admin\behavior\BuildResponse @response_send [ RunTime:0.000256s ]
[ info ] [ LOG ] INIT File
[ sql ] [ DB ] CONNECT:[ UseTime:0.002131s ] mysql:host=127.0.0.1;dbname=blog;charset=utf8
[ sql ] [ SQL ] SHOW COLUMNS FROM `admin_menu` [ RunTime:0.044187s ]
[ sql ] [ SQL ] SELECT * FROM `admin_menu` WHERE  `url` = 'admin/Log/index' LIMIT 1 [ RunTime:0.001643s ]
[ sql ] [ SQL ] SHOW COLUMNS FROM `admin_user_action` [ RunTime:0.035025s ]
[ sql ] [ SQL ] INSERT INTO `admin_user_action` (`actionName` , `uid` , `nickname` , `addTime` , `url` , `data`) VALUES ('获取操作日志列表' , 1 , 'root' , 1522076098 , 'admin/Log/index' , '{\"page\":\"1\",\"size\":\"10\",\"type\":\"\",\"keywords\":\"\"}') [ RunTime:0.002033s ]
[ sql ] [ SQL ] SELECT * FROM `admin_user_action` ORDER BY `addTime`  DESC LIMIT 0,10 [ RunTime:0.001086s ]
[ sql ] [ SQL ] SELECT COUNT(*) AS tp_count FROM `admin_user_action` LIMIT 1 [ RunTime:0.000635s ]
---------------------------------------------------------------
[ 2018-03-26T22:56:19+08:00 ] 127.0.0.1 OPTIONS /admin/Log/index?page=1&size=10&type=&keywords=
[ info ] adminapi.cn/admin/Log/index?page=1&size=10&type=&keywords= [运行时间：0.813530s][吞吐率：1.23req/s] [内存消耗：1,375.90kb] [文件加载：43]
[ info ] [ LANG ] G:\code\php\blog\ApiAdmin\thinkphp\lang\zh-cn.php
[ info ] [ ROUTE ] array (
  'type' => 'module',
  'module' => 
  array (
    0 => 'admin',
    1 => 'Miss',
    2 => 'index',
  ),
  'convert' => false,
)
[ info ] [ HEADER ] array (
  'accept-language' => 'zh-CN,zh;q=0.8',
  'accept-encoding' => 'gzip, deflate, sdch',
  'referer' => 'http://localhost:8080/',
  'accept' => '*/*',
  'access-control-request-headers' => 'apiauth',
  'user-agent' => 'Mozilla/5.0 (Windows NT 10.0; WOW64) AppleWebKit/537.36 (KHTML, like Gecko) Chrome/55.0.2883.87 Safari/537.36',
  'origin' => 'http://localhost:8080',
  'access-control-request-method' => 'GET',
  'cache-control' => 'no-cache',
  'pragma' => 'no-cache',
  'connection' => 'close',
  'host' => 'adminapi.cn',
)
[ info ] [ PARAM ] array (
  'page' => '1',
  'size' => '10',
  'type' => '',
  'keywords' => '',
  'admin' => 'Log',
)
[ info ] [ RUN ] app\admin\controller\Miss->index[ G:\code\php\blog\ApiAdmin\application\admin\controller\Miss.php ]
[ info ] [ BEHAVIOR ] Run app\admin\behavior\BuildResponse @response_send [ RunTime:0.009262s ]
[ info ] [ LOG ] INIT File
---------------------------------------------------------------
[ 2018-03-26T22:56:19+08:00 ] 127.0.0.1 GET /admin/Log/index?page=1&size=10&type=&keywords=
[ info ] adminapi.cn/admin/Log/index?page=1&size=10&type=&keywords= [运行时间：0.556115s][吞吐率：1.80req/s] [内存消耗：2,566.32kb] [文件加载：60]
[ info ] [ LANG ] G:\code\php\blog\ApiAdmin\thinkphp\lang\zh-cn.php
[ info ] [ CACHE ] INIT File
[ info ] [ BEHAVIOR ] Run \app\admin\behavior\ApiAuth @ [ RunTime:0.099262s ]
[ info ] [ BEHAVIOR ] Run \app\admin\behavior\ApiPermission @ [ RunTime:0.026777s ]
[ info ] [ DB ] INIT mysql
[ info ] [ BEHAVIOR ] Run \app\admin\behavior\AdminLog @ [ RunTime:0.366967s ]
[ info ] [ ROUTE ] array (
  'type' => 'module',
  'module' => 
  array (
    0 => 'admin',
    1 => 'Log',
    2 => 'index',
  ),
  'convert' => false,
)
[ info ] [ HEADER ] array (
  'accept-language' => 'zh-CN,zh;q=0.8',
  'accept-encoding' => 'gzip, deflate, sdch',
  'referer' => 'http://localhost:8080/',
  'user-agent' => 'Mozilla/5.0 (Windows NT 10.0; WOW64) AppleWebKit/537.36 (KHTML, like Gecko) Chrome/55.0.2883.87 Safari/537.36',
  'origin' => 'http://localhost:8080',
  'accept' => 'application/json, text/plain, */*',
  'apiauth' => 'd8cc01e7dec08b3e1d51503d4b456197',
  'connection' => 'close',
  'host' => 'adminapi.cn',
)
[ info ] [ PARAM ] array (
  'page' => '1',
  'size' => '10',
  'type' => '',
  'keywords' => '',
)
[ info ] [ RUN ] app\admin\controller\Log->index[ G:\code\php\blog\ApiAdmin\application\admin\controller\Log.php ]
[ info ] [ BEHAVIOR ] Run app\admin\behavior\BuildResponse @response_send [ RunTime:0.000265s ]
[ info ] [ LOG ] INIT File
[ sql ] [ DB ] CONNECT:[ UseTime:0.012664s ] mysql:host=127.0.0.1;dbname=blog;charset=utf8
[ sql ] [ SQL ] SHOW COLUMNS FROM `admin_menu` [ RunTime:0.062008s ]
[ sql ] [ SQL ] SELECT * FROM `admin_menu` WHERE  `url` = 'admin/Log/index' LIMIT 1 [ RunTime:0.001183s ]
[ sql ] [ SQL ] SHOW COLUMNS FROM `admin_user_action` [ RunTime:0.056149s ]
[ sql ] [ SQL ] INSERT INTO `admin_user_action` (`actionName` , `uid` , `nickname` , `addTime` , `url` , `data`) VALUES ('获取操作日志列表' , 1 , 'root' , 1522076179 , 'admin/Log/index' , '{\"page\":\"1\",\"size\":\"10\",\"type\":\"\",\"keywords\":\"\"}') [ RunTime:0.002716s ]
[ sql ] [ SQL ] SELECT * FROM `admin_user_action` ORDER BY `addTime`  DESC LIMIT 0,10 [ RunTime:0.001051s ]
[ sql ] [ SQL ] SELECT COUNT(*) AS tp_count FROM `admin_user_action` LIMIT 1 [ RunTime:0.000811s ]
---------------------------------------------------------------
[ 2018-03-26T22:56:59+08:00 ] 127.0.0.1 OPTIONS /admin/Log/index?page=1&size=10&type=&keywords=
[ info ] adminapi.cn/admin/Log/index?page=1&size=10&type=&keywords= [运行时间：0.023682s][吞吐率：42.23req/s] [内存消耗：1,375.84kb] [文件加载：43]
[ info ] [ LANG ] G:\code\php\blog\ApiAdmin\thinkphp\lang\zh-cn.php
[ info ] [ ROUTE ] array (
  'type' => 'module',
  'module' => 
  array (
    0 => 'admin',
    1 => 'Miss',
    2 => 'index',
  ),
  'convert' => false,
)
[ info ] [ HEADER ] array (
  'accept-language' => 'zh-CN,zh;q=0.8',
  'accept-encoding' => 'gzip, deflate, sdch',
  'referer' => 'http://localhost:8080/',
  'accept' => '*/*',
  'access-control-request-headers' => 'apiauth',
  'user-agent' => 'Mozilla/5.0 (Windows NT 10.0; WOW64) AppleWebKit/537.36 (KHTML, like Gecko) Chrome/55.0.2883.87 Safari/537.36',
  'origin' => 'http://localhost:8080',
  'access-control-request-method' => 'GET',
  'cache-control' => 'no-cache',
  'pragma' => 'no-cache',
  'connection' => 'close',
  'host' => 'adminapi.cn',
)
[ info ] [ PARAM ] array (
  'page' => '1',
  'size' => '10',
  'type' => '',
  'keywords' => '',
  'admin' => 'Log',
)
[ info ] [ RUN ] app\admin\controller\Miss->index[ G:\code\php\blog\ApiAdmin\application\admin\controller\Miss.php ]
[ info ] [ BEHAVIOR ] Run app\admin\behavior\BuildResponse @response_send [ RunTime:0.000420s ]
[ info ] [ LOG ] INIT File
---------------------------------------------------------------
[ 2018-03-26T22:56:59+08:00 ] 127.0.0.1 GET /admin/Log/index?page=1&size=10&type=&keywords=
[ info ] adminapi.cn/admin/Log/index?page=1&size=10&type=&keywords= [运行时间：0.186642s][吞吐率：5.36req/s] [内存消耗：2,566.85kb] [文件加载：60]
[ info ] [ LANG ] G:\code\php\blog\ApiAdmin\thinkphp\lang\zh-cn.php
[ info ] [ CACHE ] INIT File
[ info ] [ BEHAVIOR ] Run \app\admin\behavior\ApiAuth @ [ RunTime:0.003298s ]
[ info ] [ BEHAVIOR ] Run \app\admin\behavior\ApiPermission @ [ RunTime:0.001746s ]
[ info ] [ DB ] INIT mysql
[ info ] [ BEHAVIOR ] Run \app\admin\behavior\AdminLog @ [ RunTime:0.118653s ]
[ info ] [ ROUTE ] array (
  'type' => 'module',
  'module' => 
  array (
    0 => 'admin',
    1 => 'Log',
    2 => 'index',
  ),
  'convert' => false,
)
[ info ] [ HEADER ] array (
  'accept-language' => 'zh-CN,zh;q=0.8',
  'accept-encoding' => 'gzip, deflate, sdch',
  'referer' => 'http://localhost:8080/',
  'user-agent' => 'Mozilla/5.0 (Windows NT 10.0; WOW64) AppleWebKit/537.36 (KHTML, like Gecko) Chrome/55.0.2883.87 Safari/537.36',
  'origin' => 'http://localhost:8080',
  'accept' => 'application/json, text/plain, */*',
  'apiauth' => 'd8cc01e7dec08b3e1d51503d4b456197',
  'cache-control' => 'no-cache',
  'pragma' => 'no-cache',
  'connection' => 'close',
  'host' => 'adminapi.cn',
)
[ info ] [ PARAM ] array (
  'page' => '1',
  'size' => '10',
  'type' => '',
  'keywords' => '',
)
[ info ] [ RUN ] app\admin\controller\Log->index[ G:\code\php\blog\ApiAdmin\application\admin\controller\Log.php ]
[ info ] [ BEHAVIOR ] Run app\admin\behavior\BuildResponse @response_send [ RunTime:0.000302s ]
[ info ] [ LOG ] INIT File
[ sql ] [ DB ] CONNECT:[ UseTime:0.002454s ] mysql:host=127.0.0.1;dbname=blog;charset=utf8
[ sql ] [ SQL ] SHOW COLUMNS FROM `admin_menu` [ RunTime:0.036659s ]
[ sql ] [ SQL ] SELECT * FROM `admin_menu` WHERE  `url` = 'admin/Log/index' LIMIT 1 [ RunTime:0.000619s ]
[ sql ] [ SQL ] SHOW COLUMNS FROM `admin_user_action` [ RunTime:0.051637s ]
[ sql ] [ SQL ] INSERT INTO `admin_user_action` (`actionName` , `uid` , `nickname` , `addTime` , `url` , `data`) VALUES ('获取操作日志列表' , 1 , 'root' , 1522076219 , 'admin/Log/index' , '{\"page\":\"1\",\"size\":\"10\",\"type\":\"\",\"keywords\":\"\"}') [ RunTime:0.002590s ]
[ sql ] [ SQL ] SELECT * FROM `admin_user_action` ORDER BY `addTime`  DESC LIMIT 0,10 [ RunTime:0.000662s ]
[ sql ] [ SQL ] SELECT COUNT(*) AS tp_count FROM `admin_user_action` LIMIT 1 [ RunTime:0.000433s ]
---------------------------------------------------------------
[ 2018-03-26T23:00:34+08:00 ] 127.0.0.1 OPTIONS /admin/Log/index?page=1&size=10&type=&keywords=
[ info ] adminapi.cn/admin/Log/index?page=1&size=10&type=&keywords= [运行时间：0.025161s][吞吐率：39.74req/s] [内存消耗：1,375.84kb] [文件加载：43]
[ info ] [ LANG ] G:\code\php\blog\ApiAdmin\thinkphp\lang\zh-cn.php
[ info ] [ ROUTE ] array (
  'type' => 'module',
  'module' => 
  array (
    0 => 'admin',
    1 => 'Miss',
    2 => 'index',
  ),
  'convert' => false,
)
[ info ] [ HEADER ] array (
  'accept-language' => 'zh-CN,zh;q=0.8',
  'accept-encoding' => 'gzip, deflate, sdch',
  'referer' => 'http://localhost:8080/',
  'accept' => '*/*',
  'access-control-request-headers' => 'apiauth',
  'user-agent' => 'Mozilla/5.0 (Windows NT 10.0; WOW64) AppleWebKit/537.36 (KHTML, like Gecko) Chrome/55.0.2883.87 Safari/537.36',
  'origin' => 'http://localhost:8080',
  'access-control-request-method' => 'GET',
  'cache-control' => 'no-cache',
  'pragma' => 'no-cache',
  'connection' => 'close',
  'host' => 'adminapi.cn',
)
[ info ] [ PARAM ] array (
  'page' => '1',
  'size' => '10',
  'type' => '',
  'keywords' => '',
  'admin' => 'Log',
)
[ info ] [ RUN ] app\admin\controller\Miss->index[ G:\code\php\blog\ApiAdmin\application\admin\controller\Miss.php ]
[ info ] [ BEHAVIOR ] Run app\admin\behavior\BuildResponse @response_send [ RunTime:0.000318s ]
[ info ] [ LOG ] INIT File
---------------------------------------------------------------
[ 2018-03-26T23:00:35+08:00 ] 127.0.0.1 GET /admin/Log/index?page=1&size=10&type=&keywords=
[ info ] adminapi.cn/admin/Log/index?page=1&size=10&type=&keywords= [运行时间：0.167320s][吞吐率：5.98req/s] [内存消耗：2,566.85kb] [文件加载：60]
[ info ] [ LANG ] G:\code\php\blog\ApiAdmin\thinkphp\lang\zh-cn.php
[ info ] [ CACHE ] INIT File
[ info ] [ BEHAVIOR ] Run \app\admin\behavior\ApiAuth @ [ RunTime:0.002721s ]
[ info ] [ BEHAVIOR ] Run \app\admin\behavior\ApiPermission @ [ RunTime:0.001114s ]
[ info ] [ DB ] INIT mysql
[ info ] [ BEHAVIOR ] Run \app\admin\behavior\AdminLog @ [ RunTime:0.116997s ]
[ info ] [ ROUTE ] array (
  'type' => 'module',
  'module' => 
  array (
    0 => 'admin',
    1 => 'Log',
    2 => 'index',
  ),
  'convert' => false,
)
[ info ] [ HEADER ] array (
  'accept-language' => 'zh-CN,zh;q=0.8',
  'accept-encoding' => 'gzip, deflate, sdch',
  'referer' => 'http://localhost:8080/',
  'user-agent' => 'Mozilla/5.0 (Windows NT 10.0; WOW64) AppleWebKit/537.36 (KHTML, like Gecko) Chrome/55.0.2883.87 Safari/537.36',
  'origin' => 'http://localhost:8080',
  'accept' => 'application/json, text/plain, */*',
  'apiauth' => 'd8cc01e7dec08b3e1d51503d4b456197',
  'cache-control' => 'no-cache',
  'pragma' => 'no-cache',
  'connection' => 'close',
  'host' => 'adminapi.cn',
)
[ info ] [ PARAM ] array (
  'page' => '1',
  'size' => '10',
  'type' => '',
  'keywords' => '',
)
[ info ] [ RUN ] app\admin\controller\Log->index[ G:\code\php\blog\ApiAdmin\application\admin\controller\Log.php ]
[ info ] [ BEHAVIOR ] Run app\admin\behavior\BuildResponse @response_send [ RunTime:0.000259s ]
[ info ] [ LOG ] INIT File
[ sql ] [ DB ] CONNECT:[ UseTime:0.002282s ] mysql:host=127.0.0.1;dbname=blog;charset=utf8
[ sql ] [ SQL ] SHOW COLUMNS FROM `admin_menu` [ RunTime:0.046662s ]
[ sql ] [ SQL ] SELECT * FROM `admin_menu` WHERE  `url` = 'admin/Log/index' LIMIT 1 [ RunTime:0.000975s ]
[ sql ] [ SQL ] SHOW COLUMNS FROM `admin_user_action` [ RunTime:0.043063s ]
[ sql ] [ SQL ] INSERT INTO `admin_user_action` (`actionName` , `uid` , `nickname` , `addTime` , `url` , `data`) VALUES ('获取操作日志列表' , 1 , 'root' , 1522076434 , 'admin/Log/index' , '{\"page\":\"1\",\"size\":\"10\",\"type\":\"\",\"keywords\":\"\"}') [ RunTime:0.003449s ]
[ sql ] [ SQL ] SELECT * FROM `admin_user_action` ORDER BY `addTime`  DESC LIMIT 0,10 [ RunTime:0.001044s ]
[ sql ] [ SQL ] SELECT COUNT(*) AS tp_count FROM `admin_user_action` LIMIT 1 [ RunTime:0.000537s ]
---------------------------------------------------------------
[ 2018-03-26T23:06:20+08:00 ] 127.0.0.1 OPTIONS /admin/Log/index?page=1&size=10&type=&keywords=
[ info ] adminapi.cn/admin/Log/index?page=1&size=10&type=&keywords= [运行时间：0.041356s][吞吐率：24.18req/s] [内存消耗：1,375.90kb] [文件加载：43]
[ info ] [ LANG ] G:\code\php\blog\ApiAdmin\thinkphp\lang\zh-cn.php
[ info ] [ ROUTE ] array (
  'type' => 'module',
  'module' => 
  array (
    0 => 'admin',
    1 => 'Miss',
    2 => 'index',
  ),
  'convert' => false,
)
[ info ] [ HEADER ] array (
  'accept-language' => 'zh-CN,zh;q=0.8',
  'accept-encoding' => 'gzip, deflate, sdch',
  'referer' => 'http://localhost:8080/',
  'accept' => '*/*',
  'access-control-request-headers' => 'apiauth',
  'user-agent' => 'Mozilla/5.0 (Windows NT 10.0; WOW64) AppleWebKit/537.36 (KHTML, like Gecko) Chrome/55.0.2883.87 Safari/537.36',
  'origin' => 'http://localhost:8080',
  'access-control-request-method' => 'GET',
  'cache-control' => 'no-cache',
  'pragma' => 'no-cache',
  'connection' => 'close',
  'host' => 'adminapi.cn',
)
[ info ] [ PARAM ] array (
  'page' => '1',
  'size' => '10',
  'type' => '',
  'keywords' => '',
  'admin' => 'Log',
)
[ info ] [ RUN ] app\admin\controller\Miss->index[ G:\code\php\blog\ApiAdmin\application\admin\controller\Miss.php ]
[ info ] [ BEHAVIOR ] Run app\admin\behavior\BuildResponse @response_send [ RunTime:0.000407s ]
[ info ] [ LOG ] INIT File
---------------------------------------------------------------
[ 2018-03-26T23:06:21+08:00 ] 127.0.0.1 GET /admin/Log/index?page=1&size=10&type=&keywords=
[ info ] adminapi.cn/admin/Log/index?page=1&size=10&type=&keywords= [运行时间：0.156307s][吞吐率：6.40req/s] [内存消耗：2,566.85kb] [文件加载：60]
[ info ] [ LANG ] G:\code\php\blog\ApiAdmin\thinkphp\lang\zh-cn.php
[ info ] [ CACHE ] INIT File
[ info ] [ BEHAVIOR ] Run \app\admin\behavior\ApiAuth @ [ RunTime:0.004641s ]
[ info ] [ BEHAVIOR ] Run \app\admin\behavior\ApiPermission @ [ RunTime:0.004555s ]
[ info ] [ DB ] INIT mysql
[ info ] [ BEHAVIOR ] Run \app\admin\behavior\AdminLog @ [ RunTime:0.101209s ]
[ info ] [ ROUTE ] array (
  'type' => 'module',
  'module' => 
  array (
    0 => 'admin',
    1 => 'Log',
    2 => 'index',
  ),
  'convert' => false,
)
[ info ] [ HEADER ] array (
  'accept-language' => 'zh-CN,zh;q=0.8',
  'accept-encoding' => 'gzip, deflate, sdch',
  'referer' => 'http://localhost:8080/',
  'user-agent' => 'Mozilla/5.0 (Windows NT 10.0; WOW64) AppleWebKit/537.36 (KHTML, like Gecko) Chrome/55.0.2883.87 Safari/537.36',
  'origin' => 'http://localhost:8080',
  'accept' => 'application/json, text/plain, */*',
  'apiauth' => 'd8cc01e7dec08b3e1d51503d4b456197',
  'cache-control' => 'no-cache',
  'pragma' => 'no-cache',
  'connection' => 'close',
  'host' => 'adminapi.cn',
)
[ info ] [ PARAM ] array (
  'page' => '1',
  'size' => '10',
  'type' => '',
  'keywords' => '',
)
[ info ] [ RUN ] app\admin\controller\Log->index[ G:\code\php\blog\ApiAdmin\application\admin\controller\Log.php ]
[ info ] [ BEHAVIOR ] Run app\admin\behavior\BuildResponse @response_send [ RunTime:0.000225s ]
[ info ] [ LOG ] INIT File
[ sql ] [ DB ] CONNECT:[ UseTime:0.013897s ] mysql:host=127.0.0.1;dbname=blog;charset=utf8
[ sql ] [ SQL ] SHOW COLUMNS FROM `admin_menu` [ RunTime:0.035200s ]
[ sql ] [ SQL ] SELECT * FROM `admin_menu` WHERE  `url` = 'admin/Log/index' LIMIT 1 [ RunTime:0.000650s ]
[ sql ] [ SQL ] SHOW COLUMNS FROM `admin_user_action` [ RunTime:0.025128s ]
[ sql ] [ SQL ] INSERT INTO `admin_user_action` (`actionName` , `uid` , `nickname` , `addTime` , `url` , `data`) VALUES ('获取操作日志列表' , 1 , 'root' , 1522076781 , 'admin/Log/index' , '{\"page\":\"1\",\"size\":\"10\",\"type\":\"\",\"keywords\":\"\"}') [ RunTime:0.001930s ]
[ sql ] [ SQL ] SELECT * FROM `admin_user_action` ORDER BY `addTime`  DESC LIMIT 0,10 [ RunTime:0.000560s ]
[ sql ] [ SQL ] SELECT COUNT(*) AS tp_count FROM `admin_user_action` LIMIT 1 [ RunTime:0.000598s ]
---------------------------------------------------------------
[ 2018-03-26T23:09:18+08:00 ] 127.0.0.1 OPTIONS /admin/Log/index?page=1&size=10&type=&keywords=
[ info ] adminapi.cn/admin/Log/index?page=1&size=10&type=&keywords= [运行时间：0.027310s][吞吐率：36.62req/s] [内存消耗：1,375.84kb] [文件加载：43]
[ info ] [ LANG ] G:\code\php\blog\ApiAdmin\thinkphp\lang\zh-cn.php
[ info ] [ ROUTE ] array (
  'type' => 'module',
  'module' => 
  array (
    0 => 'admin',
    1 => 'Miss',
    2 => 'index',
  ),
  'convert' => false,
)
[ info ] [ HEADER ] array (
  'accept-language' => 'zh-CN,zh;q=0.8',
  'accept-encoding' => 'gzip, deflate, sdch',
  'referer' => 'http://localhost:8080/',
  'accept' => '*/*',
  'access-control-request-headers' => 'apiauth',
  'user-agent' => 'Mozilla/5.0 (Windows NT 10.0; WOW64) AppleWebKit/537.36 (KHTML, like Gecko) Chrome/55.0.2883.87 Safari/537.36',
  'origin' => 'http://localhost:8080',
  'access-control-request-method' => 'GET',
  'cache-control' => 'no-cache',
  'pragma' => 'no-cache',
  'connection' => 'close',
  'host' => 'adminapi.cn',
)
[ info ] [ PARAM ] array (
  'page' => '1',
  'size' => '10',
  'type' => '',
  'keywords' => '',
  'admin' => 'Log',
)
[ info ] [ RUN ] app\admin\controller\Miss->index[ G:\code\php\blog\ApiAdmin\application\admin\controller\Miss.php ]
[ info ] [ BEHAVIOR ] Run app\admin\behavior\BuildResponse @response_send [ RunTime:0.000360s ]
[ info ] [ LOG ] INIT File
---------------------------------------------------------------
[ 2018-03-26T23:09:18+08:00 ] 127.0.0.1 GET /admin/Log/index?page=1&size=10&type=&keywords=
[ info ] adminapi.cn/admin/Log/index?page=1&size=10&type=&keywords= [运行时间：0.169143s][吞吐率：5.91req/s] [内存消耗：2,566.85kb] [文件加载：60]
[ info ] [ LANG ] G:\code\php\blog\ApiAdmin\thinkphp\lang\zh-cn.php
[ info ] [ CACHE ] INIT File
[ info ] [ BEHAVIOR ] Run \app\admin\behavior\ApiAuth @ [ RunTime:0.006171s ]
[ info ] [ BEHAVIOR ] Run \app\admin\behavior\ApiPermission @ [ RunTime:0.001499s ]
[ info ] [ DB ] INIT mysql
[ info ] [ BEHAVIOR ] Run \app\admin\behavior\AdminLog @ [ RunTime:0.101362s ]
[ info ] [ ROUTE ] array (
  'type' => 'module',
  'module' => 
  array (
    0 => 'admin',
    1 => 'Log',
    2 => 'index',
  ),
  'convert' => false,
)
[ info ] [ HEADER ] array (
  'accept-language' => 'zh-CN,zh;q=0.8',
  'accept-encoding' => 'gzip, deflate, sdch',
  'referer' => 'http://localhost:8080/',
  'user-agent' => 'Mozilla/5.0 (Windows NT 10.0; WOW64) AppleWebKit/537.36 (KHTML, like Gecko) Chrome/55.0.2883.87 Safari/537.36',
  'origin' => 'http://localhost:8080',
  'accept' => 'application/json, text/plain, */*',
  'apiauth' => 'd8cc01e7dec08b3e1d51503d4b456197',
  'cache-control' => 'no-cache',
  'pragma' => 'no-cache',
  'connection' => 'close',
  'host' => 'adminapi.cn',
)
[ info ] [ PARAM ] array (
  'page' => '1',
  'size' => '10',
  'type' => '',
  'keywords' => '',
)
[ info ] [ RUN ] app\admin\controller\Log->index[ G:\code\php\blog\ApiAdmin\application\admin\controller\Log.php ]
[ info ] [ BEHAVIOR ] Run app\admin\behavior\BuildResponse @response_send [ RunTime:0.000480s ]
[ info ] [ LOG ] INIT File
[ sql ] [ DB ] CONNECT:[ UseTime:0.002245s ] mysql:host=127.0.0.1;dbname=blog;charset=utf8
[ sql ] [ SQL ] SHOW COLUMNS FROM `admin_menu` [ RunTime:0.037424s ]
[ sql ] [ SQL ] SELECT * FROM `admin_menu` WHERE  `url` = 'admin/Log/index' LIMIT 1 [ RunTime:0.000736s ]
[ sql ] [ SQL ] SHOW COLUMNS FROM `admin_user_action` [ RunTime:0.038790s ]
[ sql ] [ SQL ] INSERT INTO `admin_user_action` (`actionName` , `uid` , `nickname` , `addTime` , `url` , `data`) VALUES ('获取操作日志列表' , 1 , 'root' , 1522076958 , 'admin/Log/index' , '{\"page\":\"1\",\"size\":\"10\",\"type\":\"\",\"keywords\":\"\"}') [ RunTime:0.002655s ]
[ sql ] [ SQL ] SELECT * FROM `admin_user_action` ORDER BY `addTime`  DESC LIMIT 0,10 [ RunTime:0.001092s ]
[ sql ] [ SQL ] SELECT COUNT(*) AS tp_count FROM `admin_user_action` LIMIT 1 [ RunTime:0.001621s ]
